<?xml version="1.0" encoding="utf-8"?>
<test-run id="2" testcasecount="3" result="Passed" total="3" passed="3" failed="0" inconclusive="0" skipped="0" asserts="0" engine-version="3.5.0.0" clr-version="4.0.30319.42000" start-time="2019-11-29 18:25:41Z" end-time="2019-11-29 18:26:10Z" duration="28,8065252">
  <test-suite type="TestSuite" id="1308" name="ECS_Bots" fullname="ECS_Bots" runstate="Runnable" testcasecount="128" result="Passed" start-time="2019-11-29 18:25:41Z" end-time="2019-11-29 18:26:10Z" duration="28.806525" total="3" passed="3" failed="0" inconclusive="0" skipped="0" asserts="0">
    <properties />
    <test-suite type="Assembly" id="1313" name="Performance.dll" fullname="C:/Users/KVD/Documents/Projects/ECS_Units/Library/ScriptAssemblies/Performance.dll" runstate="Runnable" testcasecount="3" result="Passed" start-time="2019-11-29 18:25:41Z" end-time="2019-11-29 18:26:10Z" duration="28.638375" total="3" passed="3" failed="0" inconclusive="0" skipped="0" asserts="0">
      <properties>
        <property name="_PID" value="8248" />
        <property name="_APPDOMAIN" value="Unity Child Domain" />
        <property name="platform" value="EditMode" />
      </properties>
      <test-suite type="TestSuite" id="1314" name="Performance" fullname="Performance" runstate="Runnable" testcasecount="3" result="Passed" start-time="2019-11-29 18:25:41Z" end-time="2019-11-29 18:26:10Z" duration="28.584673" total="3" passed="3" failed="0" inconclusive="0" skipped="0" asserts="0">
        <properties />
        <test-suite type="TestFixture" id="1309" name="AStarPerformance" fullname="Performance.AStarPerformance" classname="Performance.AStarPerformance" runstate="Runnable" testcasecount="3" result="Passed" start-time="2019-11-29 18:25:41Z" end-time="2019-11-29 18:26:10Z" duration="28.533695" total="3" passed="3" failed="0" inconclusive="0" skipped="0" asserts="0">
          <properties />
          <test-case id="1311" name="InitedWorld" fullname="Performance.AStarPerformance.InitedWorld" methodname="InitedWorld" classname="Tests.ECSSystemTester`1" runstate="Runnable" seed="1709649997" result="Passed" start-time="2019-11-29 18:25:41Z" end-time="2019-11-29 18:25:42Z" duration="0.618445" asserts="0">
            <properties>
              <property name="Order" value="-2" />
            </properties>
            <output><![CDATA[##performancetestruninfo:{"PlayerSystemInfo":{"OperatingSystem":"Windows 10  (10.0.0) 64bit","DeviceModel":"80NV (LENOVO)","DeviceName":"KAMILVDONOLENOV","ProcessorType":"Intel(R) Core(TM) i7-6700HQ CPU @ 2.60GHz","ProcessorCount":8,"GraphicsDeviceName":"NVIDIA GeForce GTX 960M","SystemMemorySize":16243,"XrModel":"","XrDevice":""},"EditorVersion":{"FullVersion":"2019.3.0b5 (13eef430e0c9)","DateSeconds":1568974055,"Branch":"2019.3/staging","RevisionValue":1306356},"BuildSettings":{"Platform":"WindowsEditor","BuildTarget":"StandaloneWindows","DevelopmentPlayer":false,"AndroidBuildSystem":"Gradle"},"ScreenSettings":{"ScreenWidth":1920,"ScreenHeight":1080,"ScreenRefreshRate":59,"Fullscreen":false},"QualitySettings":{"Vsync":0,"AntiAliasing":2,"ColorSpace":"Linear","AnisotropicFiltering":"Enable","BlendWeights":"TwoBones"},"PlayerSettings":{"ScriptingBackend":"IL2CPP","VrSupported":false,"MtRendering":true,"GraphicsJobs":true,"GpuSkinning":true,"GraphicsApi":"Direct3D11","Batchmode":"False","StereoRenderingPath":"MultiPass","RenderThreadingMode":"GraphicsJobs","AndroidMinimumSdkVersion":"AndroidApiLevel19","AndroidTargetSdkVersion":"AndroidApiLevelAuto","EnabledXrTargets":[],"ScriptingRuntimeVersion":""},"TestSuite":"Editmode","StartTime":1575051937796.3115,"EndTime":0.0,"Results":[]}]]></output>
          </test-case>
          <test-case id="1312" name="InitedSystem" fullname="Performance.AStarPerformance.InitedSystem" methodname="InitedSystem" classname="Tests.ECSSystemTester`1" runstate="Runnable" seed="1558827940" result="Passed" start-time="2019-11-29 18:25:42Z" end-time="2019-11-29 18:25:42Z" duration="0.024555" asserts="0">
            <properties>
              <property name="Order" value="-1" />
            </properties>
          </test-case>
          <test-case id="1310" name="AStarSimplePasses" fullname="Performance.AStarPerformance.AStarSimplePasses" methodname="AStarSimplePasses" classname="Performance.AStarPerformance" runstate="Runnable" seed="1838703683" result="Passed" start-time="2019-11-29 18:25:42Z" end-time="2019-11-29 18:26:10Z" duration="27.809776" asserts="0">
            <properties>
              <property name="Category" value="Performance" />
              <property name="Version" value="Unity.PerformanceTesting.VersionAttribute" />
            </properties>
            <output><![CDATA[AStar.System Millisecond Median:327,65 Min:320,25 Max:374,74 Avg:330,90 Std:11,18 Zeroes:0 SampleCount: 60 Sum: 19854,19
AStar.Setup Millisecond Median:0,36 Min:0,32 Max:2,27 Avg:0,42 Std:0,25 Zeroes:0 SampleCount: 60 Sum: 25,10
AStar.Search Millisecond Median:327,19 Min:319,81 Max:374,21 Avg:330,35 Std:11,16 Zeroes:0 SampleCount: 60 Sum: 19820,79
AStar.Reconstruct Millisecond Median:0,07 Min:0,06 Max:2,06 Avg:0,12 Std:0,25 Zeroes:0 SampleCount: 60 Sum: 7,26
AStar.Cleanup Millisecond Median:0,01 Min:0,00 Max:0,27 Avg:0,01 Std:0,03 Zeroes:0 SampleCount: 60 Sum: 0,78
AStar.Find_current Millisecond Median:322,41 Min:315,35 Max:367,89 Avg:325,48 Std:10,87 Zeroes:0 SampleCount: 60 Sum: 19528,57
Time Millisecond Median:2257,94 Min:2218,33 Max:2376,84 Avg:2262,06 Std:42,83 Zeroes:0 SampleCount: 10 Sum: 22620,56

##performancetestresult:{"TestName":"Performance.AStarPerformance.AStarSimplePasses","TestCategories":["Performance"],"TestVersion":"1","StartTime":1575051942591.9592,"EndTime":1575051969886.0662,"SampleGroups":[{"Definition":{"Name":"AStar.System","SampleUnit":2,"AggregationType":3,"Threshold":0.15,"IncreaseIsBetter":false,"Percentile":0.0,"FailOnBaseline":true},"Samples":[337.2331,323.6605,326.1062,326.8769,329.609,320.87919999999999,336.9183,327.419,330.7938,327.8513,362.66339999999999,320.2471,329.0636,373.1166,343.57829999999998,324.94599999999999,324.60699999999999,329.96119999999999,329.2115,338.4342,324.53479999999998,342.0915,328.4122,325.0345,326.6755,325.8535,324.2741,329.6953,327.02869999999998,324.7504,325.32529999999999,325.3343,350.1783,327.84729999999998,326.35319999999998,322.9189,327.65319999999999,331.7015,329.22929999999999,357.87109999999998,324.96909999999999,330.43469999999999,324.4761,332.15369999999998,325.99109999999998,328.6953,327.36289999999999,326.6244,322.87829999999999,374.7407,328.1365,325.9774,329.2969,325.524,328.82849999999999,321.0091,331.4955,326.7245,322.3322,330.6033],"Min":320.2471,"Max":374.7407,"Median":327.65319999999999,"Average":330.9032216666667,"StandardDeviation":11.175444624056974,"PercentileValue":0.0,"Sum":19854.193300000003,"Zeroes":0,"SampleCount":60},{"Definition":{"Name":"AStar.Setup","SampleUnit":2,"AggregationType":3,"Threshold":0.15,"IncreaseIsBetter":false,"Percentile":0.0,"FailOnBaseline":true},"Samples":[2.2652,0.3363,0.3227,0.34099999999999999,0.3337,0.3654,0.426,0.3296,0.368,0.5838,0.3539,0.3534,0.4321,0.3923,0.3349,0.40009999999999998,0.3851,0.5251,0.3715,0.33699999999999999,0.4269,0.3324,0.3623,0.4241,0.33549999999999999,0.7202,0.318,0.34609999999999999,0.3786,0.40349999999999999,0.3376,0.3488,0.3316,0.3776,0.3938,0.43839999999999998,0.3933,0.3453,0.383,0.3379,0.3449,0.3455,0.3618,0.3422,0.3626,0.34059999999999998,0.3278,0.4846,0.3263,0.3277,0.3729,0.3558,0.3654,0.3373,0.4306,0.5121,0.6165999999999999,0.5181,0.349,0.3865],"Min":0.318,"Max":2.2652,"Median":0.3626,"Average":0.4183383333333333,"StandardDeviation":0.25221745848352558,"PercentileValue":0.0,"Sum":25.100299999999998,"Zeroes":0,"SampleCount":60},{"Definition":{"Name":"AStar.Search","SampleUnit":2,"AggregationType":3,"Threshold":0.15,"IncreaseIsBetter":false,"Percentile":0.0,"FailOnBaseline":true},"Samples":[332.6332,323.1767,325.7107,326.4613,329.1579,320.43649999999999,336.4187,327.005,330.3311,327.188,362.234,319.8141,328.53589999999999,372.6476,343.1078,324.4672,324.1282,329.36039999999999,328.6636,338.0181,324.0189,341.6533,327.8904,324.5396,326.1663,325.0521,323.7648,329.1671,326.5752,324.2093,324.9108,324.8861,349.72999999999998,327.392,325.86,322.38169999999999,327.1853,331.2473,328.7742,357.4529,324.54019999999999,329.94239999999999,324.039,331.73609999999999,325.5213,328.20599999999998,326.9602,326.06309999999999,322.47429999999999,374.2092,327.6868,325.53909999999998,328.8549,325.03909999999998,328.2769,320.41249999999999,330.8053,326.09299999999998,321.9052,330.13399999999998],"Min":319.8141,"Max":374.2092,"Median":327.1853,"Average":330.3465316666667,"StandardDeviation":11.156074869885794,"PercentileValue":0.0,"Sum":19820.7919,"Zeroes":0,"SampleCount":60},{"Definition":{"Name":"AStar.Reconstruct","SampleUnit":2,"AggregationType":3,"Threshold":0.15,"IncreaseIsBetter":false,"Percentile":0.0,"FailOnBaseline":true},"Samples":[2.0627999999999999,0.1153,0.0658,0.066,0.1094,0.0698,0.06609999999999999,0.0746,0.0676,0.0693,0.0663,0.0698,0.0856,0.0669,0.12589999999999999,0.0684,0.0837,0.0652,0.1449,0.0687,0.0823,0.0929,0.1456,0.06319999999999999,0.16419999999999999,0.07089999999999999,0.1795,0.17129999999999999,0.0662,0.1076,0.06559999999999999,0.0899,0.1064,0.06709999999999999,0.0837,0.0694,0.0644,0.09799999999999999,0.0643,0.0667,0.0755,0.111,0.0662,0.0665,0.0972,0.1394,0.0658,0.0673,0.0673,0.16699999999999999,0.06659999999999999,0.0717,0.0665,0.1371,0.1093,0.0715,0.0638,0.08349999999999999,0.0701,0.0687],"Min":0.06319999999999999,"Max":2.0627999999999999,"Median":0.07089999999999999,"Average":0.121055,"StandardDeviation":0.25470811165266546,"PercentileValue":0.0,"Sum":7.2633,"Zeroes":0,"SampleCount":60},{"Definition":{"Name":"AStar.Cleanup","SampleUnit":2,"AggregationType":3,"Threshold":0.15,"IncreaseIsBetter":false,"Percentile":0.0,"FailOnBaseline":true},"Samples":[0.2653,0.0305,0.0052,0.0053,0.0053,0.0053,0.0052,0.007699999999999999,0.0060999999999999999,0.0059,0.0062,0.0063,0.0058,0.0066,0.0062,0.0063999999999999998,0.0060999999999999999,0.0062,0.026,0.0063,0.005,0.0095,0.010499999999999999,0.0048,0.006699999999999999,0.0060999999999999999,0.0075,0.0068,0.0059,0.026699999999999999,0.006,0.005699999999999999,0.0063999999999999998,0.0065,0.0098,0.0058,0.0062,0.0066,0.0053,0.0106,0.0062,0.030899999999999998,0.0059,0.0060999999999999999,0.0066,0.0059,0.0059,0.005699999999999999,0.0062,0.0311,0.0063,0.0063,0.0060999999999999999,0.0060999999999999999,0.006999999999999999,0.0059,0.0055,0.0269,0.0052,0.011],"Min":0.0048,"Max":0.2653,"Median":0.0062,"Average":0.012985000000000002,"StandardDeviation":0.03354951974320947,"PercentileValue":0.0,"Sum":0.7791000000000001,"Zeroes":0,"SampleCount":60},{"Definition":{"Name":"AStar.Find_current","SampleUnit":2,"AggregationType":3,"Threshold":0.15,"IncreaseIsBetter":false,"Percentile":0.0,"FailOnBaseline":true},"Samples":[325.82959999999999,318.37919999999999,321.3503,321.8899,324.20259999999998,315.8225,331.89349999999998,322.31829999999999,325.4487,322.4917,356.4471,315.3463,323.58209999999999,367.4976,338.1569,320.0266,319.447,324.56,323.7643,332.7788,319.4328,336.36949999999998,323.18379999999999,320.1191,321.52709999999998,320.4763,319.0874,324.4826,321.9823,319.50419999999999,320.3264,320.1425,344.1486,322.5091,321.1279,317.7718,322.411,326.35859999999999,323.84209999999998,351.727,319.868,325.229,319.447,326.8947,320.7441,323.60859999999999,322.0789,320.9756,317.9884,367.8922,322.8581,320.7897,323.7845,320.2656,323.51869999999999,315.7192,326.00419999999999,321.28,317.0999,324.76239999999998],"Min":315.3463,"Max":367.8922,"Median":322.411,"Average":325.47619833333337,"StandardDeviation":10.871686298676508,"PercentileValue":0.0,"Sum":19528.5719,"Zeroes":0,"SampleCount":60},{"Definition":{"Name":"Time","SampleUnit":2,"AggregationType":3,"Threshold":0.15,"IncreaseIsBetter":false,"Percentile":0.0,"FailOnBaseline":true},"Samples":[2376.8362000000006,2263.366,2257.941500000001,2218.3312000000005,2249.7770999999993,2283.0792999999994,2224.0099999999984,2266.801800000001,2250.7201999999997,2229.6919000000016],"Min":2218.3312000000005,"Max":2376.8362000000006,"Median":2257.941500000001,"Average":2262.0555200000003,"StandardDeviation":42.82955083492718,"PercentileValue":0.0,"Sum":22620.555200000003,"Zeroes":0,"SampleCount":10}]}
]]></output>
          </test-case>
        </test-suite>
      </test-suite>
    </test-suite>
  </test-suite>
</test-run>