<?xml version="1.0" encoding="utf-8"?>
<test-run id="2" testcasecount="1" result="Passed" total="1" passed="1" failed="0" inconclusive="0" skipped="0" asserts="0" engine-version="3.5.0.0" clr-version="4.0.30319.42000" start-time="2019-11-29 19:41:33Z" end-time="2019-11-29 19:41:58Z" duration="24,5867445">
  <test-suite type="TestSuite" id="1308" name="ECS_Bots" fullname="ECS_Bots" runstate="Runnable" testcasecount="128" result="Passed" start-time="2019-11-29 19:41:33Z" end-time="2019-11-29 19:41:58Z" duration="24.586745" total="1" passed="1" failed="0" inconclusive="0" skipped="0" asserts="0">
    <properties />
    <test-suite type="Assembly" id="1313" name="Performance.dll" fullname="C:/Users/KVD/Documents/Projects/ECS_Units/Library/ScriptAssemblies/Performance.dll" runstate="Runnable" testcasecount="3" result="Passed" start-time="2019-11-29 19:41:33Z" end-time="2019-11-29 19:41:58Z" duration="24.376878" total="1" passed="1" failed="0" inconclusive="0" skipped="0" asserts="0">
      <properties>
        <property name="_PID" value="8248" />
        <property name="_APPDOMAIN" value="Unity Child Domain" />
        <property name="platform" value="EditMode" />
      </properties>
      <test-suite type="TestSuite" id="1314" name="Performance" fullname="Performance" runstate="Runnable" testcasecount="3" result="Passed" start-time="2019-11-29 19:41:33Z" end-time="2019-11-29 19:41:58Z" duration="24.301175" total="1" passed="1" failed="0" inconclusive="0" skipped="0" asserts="0">
        <properties />
        <test-suite type="TestFixture" id="1309" name="AStarPerformance" fullname="Performance.AStarPerformance" classname="Performance.AStarPerformance" runstate="Runnable" testcasecount="3" result="Passed" start-time="2019-11-29 19:41:34Z" end-time="2019-11-29 19:41:58Z" duration="24.230341" total="1" passed="1" failed="0" inconclusive="0" skipped="0" asserts="0">
          <properties />
          <test-case id="1310" name="AStarSimplePasses" fullname="Performance.AStarPerformance.AStarSimplePasses" methodname="AStarSimplePasses" classname="Performance.AStarPerformance" runstate="Runnable" seed="1015494790" result="Passed" start-time="2019-11-29 19:41:34Z" end-time="2019-11-29 19:41:58Z" duration="24.136124" asserts="0">
            <properties>
              <property name="Category" value="Performance" />
              <property name="Version" value="Unity.PerformanceTesting.VersionAttribute" />
            </properties>
            <output><![CDATA[AStar.System Millisecond Median:92,02 Min:84,08 Max:120,63 Avg:94,02 Std:7,90 Zeroes:0 SampleCount: 100 Sum: 9402,00
AStar.Setup Millisecond Median:0,43 Min:0,32 Max:3,04 Avg:0,54 Std:0,33 Zeroes:0 SampleCount: 100 Sum: 53,52
AStar.Search Millisecond Median:91,47 Min:83,60 Max:119,72 Avg:93,35 Std:7,69 Zeroes:0 SampleCount: 100 Sum: 9334,77
AStar.Reconstruct Millisecond Median:0,07 Min:0,06 Max:2,96 Avg:0,12 Std:0,29 Zeroes:0 SampleCount: 100 Sum: 11,50
AStar.Cleanup Millisecond Median:0,00 Min:0,00 Max:0,44 Avg:0,02 Std:0,06 Zeroes:0 SampleCount: 100 Sum: 1,56
AStar.Find_current Millisecond Median:27,75 Min:24,69 Max:36,57 Avg:28,19 Std:2,29 Zeroes:0 SampleCount: 100 Sum: 2818,58
AStar.Movement_data Millisecond Median:0,72 Min:0,49 Max:2,29 Avg:0,73 Std:0,21 Zeroes:0 SampleCount: 100 Sum: 72,90
Time Millisecond Median:1390,07 Min:1251,51 Max:1543,80 Avg:1378,11 Std:81,73 Zeroes:0 SampleCount: 15 Sum: 20671,71

##performancetestresult:{"TestName":"Performance.AStarPerformance.AStarSimplePasses","TestCategories":["Performance"],"TestVersion":"1","StartTime":1575056494079.1653,"EndTime":1575056517750.5642,"SampleGroups":[{"Definition":{"Name":"AStar.System","SampleUnit":2,"AggregationType":3,"Threshold":0.15,"IncreaseIsBetter":false,"Percentile":0.0,"FailOnBaseline":true},"Samples":[118.4722,90.2008,86.8099,90.3814,87.1245,85.7276,86.11659999999999,86.2051,88.61489999999999,89.82119999999999,89.5517,88.3343,92.05539999999999,84.8847,84.079,86.3886,86.92689999999999,89.2864,100.6433,99.398,92.22149999999999,85.81179999999999,88.64099999999999,100.91369999999999,88.67689999999999,86.6514,100.6553,89.7926,88.7191,93.76469999999999,87.23939999999999,88.3534,97.5737,85.4557,97.59429999999999,91.0013,91.6506,95.60199999999999,100.0876,101.56649999999999,102.02029999999999,85.28949999999999,112.9142,97.4643,95.7817,99.56389999999999,112.16059999999999,89.7387,97.52239999999999,100.61569999999999,98.6759,94.8185,103.06389999999999,113.49199999999999,93.74799999999999,94.45129999999999,109.5188,101.1571,95.80799999999999,98.2194,91.68639999999999,104.1541,120.6326,95.7748,90.8626,92.02449999999999,98.75659999999999,91.9717,98.05959999999999,91.56689999999999,96.70259999999999,92.166,104.0377,93.5072,111.3095,96.33149999999999,101.6707,109.75619999999999,94.1023,94.61659999999999,101.61439999999999,87.1202,88.03909999999999,85.1574,88.91929999999999,87.1211,94.765,86.93589999999999,86.9961,87.61829999999999,87.6642,87.9832,93.9696,86.3581,84.6519,87.26039999999999,87.1084,87.01219999999999,85.56819999999999,91.4301],"Min":84.079,"Max":120.6326,"Median":92.02449999999999,"Average":94.02002399999998,"StandardDeviation":7.898552908148682,"PercentileValue":0.0,"Sum":9402.002399999998,"Zeroes":0,"SampleCount":100},{"Definition":{"Name":"AStar.Setup","SampleUnit":2,"AggregationType":3,"Threshold":0.15,"IncreaseIsBetter":false,"Percentile":0.0,"FailOnBaseline":true},"Samples":[3.0393999999999998,0.4662,0.3671,0.5529,0.45439999999999999,0.38839999999999999,0.5739,0.4564,0.40309999999999998,0.38699999999999998,0.5710999999999999,0.42719999999999999,0.35,0.3207,0.4149,0.33349999999999999,0.44699999999999998,0.47809999999999999,0.3273,0.3969,0.5051,0.5478,0.4095,0.3544,0.356,0.37679999999999999,0.3337,0.3818,0.7411,0.5701999999999999,0.3621,0.7546999999999999,0.6012,0.41409999999999999,0.6966,0.3417,0.3301,0.948,0.33039999999999999,0.3464,0.8615999999999999,0.3453,0.6008,0.4054,0.4377,0.33049999999999998,0.46499999999999999,1.0145,0.3756,0.9588,0.44179999999999999,0.8725999999999999,0.3997,0.4551,0.3427,0.6818,1.0171,0.7933,0.33449999999999999,0.3781,0.6037,0.349,0.8332999999999999,0.3756,0.419,0.46059999999999998,1.0671,0.42929999999999998,0.6241,0.3367,0.8988999999999999,0.47169999999999998,1.053,0.3477,0.4014,0.4749,0.4098,0.4881,0.5548,0.864,0.3182,0.3348,0.488,0.3651,0.4366,0.5304,1.3719,0.3555,0.40259999999999998,0.3569,0.32999999999999998,0.347,0.6531,0.6421,0.3737,0.74,0.3624,0.426,0.39699999999999999,0.4592],"Min":0.3182,"Max":3.0393999999999998,"Median":0.42929999999999998,"Average":0.5352229999999998,"StandardDeviation":0.3277222451573894,"PercentileValue":0.0,"Sum":53.52229999999998,"Zeroes":0,"SampleCount":100},{"Definition":{"Name":"AStar.Search","SampleUnit":2,"AggregationType":3,"Threshold":0.15,"IncreaseIsBetter":false,"Percentile":0.0,"FailOnBaseline":true},"Samples":[112.0578,89.6147,86.36789999999999,89.7546,86.49249999999999,85.27029999999999,85.4506,85.67569999999999,88.134,89.362,88.8609,87.2751,91.63419999999999,84.49719999999999,83.5985,85.98689999999999,86.4099,88.6934,100.23989999999999,98.9259,91.4995,85.1947,88.1545,100.4853,88.2443,86.1991,100.2046,89.32039999999999,87.9029,93.0865,86.7876,87.4754,96.7572,84.9707,96.8252,90.58619999999999,91.2426,94.57679999999999,99.6743,101.0544,101.0338,84.8745,112.1133,96.95299999999999,95.2156,99.158,111.5989,88.55109999999999,96.9168,99.57849999999999,98.1087,93.86699999999999,102.573,112.9309,93.3307,93.6947,108.4183,100.26809999999999,95.36,97.75439999999999,90.9562,103.7293,119.7242,95.3193,90.33319999999999,91.4637,97.6083,91.4675,97.3222,91.1549,95.7222,91.54939999999999,102.90469999999999,93.06389999999999,110.83149999999999,95.78139999999999,101.17989999999999,109.19539999999999,93.45139999999999,93.6702,101.2235,86.61229999999999,87.45009999999999,84.72149999999999,88.4011,86.51379999999999,93.3133,86.42869999999999,86.5154,87.1082,87.25619999999999,87.5563,93.24109999999999,85.5446,84.1446,86.3377,86.6716,86.4935,85.077,90.886],"Min":83.5985,"Max":119.7242,"Median":91.4675,"Average":93.34768799999996,"StandardDeviation":7.691972371950904,"PercentileValue":0.0,"Sum":9334.768799999996,"Zeroes":0,"SampleCount":100},{"Definition":{"Name":"AStar.Reconstruct","SampleUnit":2,"AggregationType":3,"Threshold":0.15,"IncreaseIsBetter":false,"Percentile":0.0,"FailOnBaseline":true},"Samples":[2.9598,0.1134,0.0693,0.064,0.1561,0.0626,0.0689,0.0652,0.0683,0.0648,0.0899,0.13999999999999999,0.0643,0.0622,0.0608,0.062299999999999997,0.06369999999999999,0.0852,0.0674,0.0663,0.1928,0.0624,0.0691,0.0668,0.0682,0.06749999999999999,0.08829999999999999,0.06369999999999999,0.0639,0.0721,0.0803,0.106,0.1961,0.0647,0.06609999999999999,0.06659999999999999,0.071,0.0648,0.0764,0.13649999999999999,0.1117,0.063,0.1871,0.0945,0.0848,0.0665,0.0687,0.1426,0.2201,0.06749999999999999,0.1147,0.0668,0.0857,0.09989999999999999,0.06749999999999999,0.06709999999999999,0.0752,0.0781,0.08489999999999999,0.0778,0.11059999999999999,0.0669,0.0663,0.0713,0.0885,0.09,0.0703,0.06509999999999999,0.0939,0.0662,0.0712,0.1281,0.07089999999999999,0.0676,0.0687,0.06709999999999999,0.073,0.065,0.0831,0.06999999999999999,0.0645,0.1644,0.091,0.0625,0.0722,0.0679,0.0662,0.08739999999999999,0.06799999999999999,0.143,0.0676,0.0692,0.0643,0.1598,0.1257,0.1525,0.06559999999999999,0.08059999999999999,0.0856,0.0694],"Min":0.0608,"Max":2.9598,"Median":0.06999999999999999,"Average":0.11503200000000001,"StandardDeviation":0.28789991277525608,"PercentileValue":0.0,"Sum":11.503200000000002,"Zeroes":0,"SampleCount":100},{"Definition":{"Name":"AStar.Cleanup","SampleUnit":2,"AggregationType":3,"Threshold":0.15,"IncreaseIsBetter":false,"Percentile":0.0,"FailOnBaseline":true},"Samples":[0.4033,0.0049,0.0042,0.0062,0.016,0.0043,0.0040999999999999999,0.004,0.004399999999999999,0.0048,0.0059,0.4395,0.0045,0.0034999999999999998,0.0034999999999999998,0.0040999999999999999,0.0043,0.0248,0.0065,0.0042,0.0172,0.004,0.0049,0.0045,0.0048,0.0047,0.0255,0.0042,0.004399999999999999,0.0053,0.0048,0.0078,0.0146,0.0043,0.0045,0.0047,0.0045,0.004399999999999999,0.004399999999999999,0.0237,0.0047,0.0040999999999999999,0.008199999999999999,0.0069,0.022099999999999999,0.0047,0.0053,0.0192,0.005699999999999999,0.0052,0.0058,0.005399999999999999,0.0036,0.0042,0.0048,0.0045,0.005,0.0050999999999999999,0.0258,0.0052,0.0098,0.0048,0.0048,0.0049,0.011899999999999999,0.0055,0.004399999999999999,0.004399999999999999,0.0095,0.0050999999999999999,0.0049,0.0094,0.004399999999999999,0.0249,0.0049,0.0050999999999999999,0.0047,0.0046,0.0072,0.0045,0.005,0.0046,0.005399999999999999,0.0039,0.0043,0.0047,0.0052,0.040999999999999998,0.0047,0.0052,0.005399999999999999,0.005,0.0046,0.0049,0.0047,0.0212,0.005,0.0060999999999999999,0.0045,0.0048],"Min":0.0034999999999999998,"Max":0.4395,"Median":0.0049,"Average":0.01559599999999999,"StandardDeviation":0.058376185075765297,"PercentileValue":0.0,"Sum":1.559599999999999,"Zeroes":0,"SampleCount":100},{"Definition":{"Name":"AStar.Find_current","SampleUnit":2,"AggregationType":3,"Threshold":0.15,"IncreaseIsBetter":false,"Percentile":0.0,"FailOnBaseline":true},"Samples":[33.321799999999999,26.701,27.1681,26.5518,25.635399999999998,25.7886,25.487499999999998,26.732799999999999,26.200599999999999,26.3139,26.0448,26.049599999999999,24.6942,27.2944,25.3526,25.8447,26.1965,26.260099999999999,30.958,29.629299999999998,27.9561,26.0458,25.334999999999999,31.296699999999999,26.198999999999999,26.798199999999999,30.008599999999999,27.1166,26.3871,28.2119,26.1422,26.2534,28.0441,26.6202,29.1036,26.8769,28.2842,29.386499999999999,29.674,29.600099999999999,30.909699999999999,26.2528,32.3216,29.1158,28.242099999999998,29.6707,33.486,26.6621,28.770899999999999,30.6508,29.3218,28.3096,31.0305,33.7059,27.905099999999999,29.2949,31.609299999999999,29.386,28.0094,29.6585,27.612399999999999,32.1645,36.571999999999999,29.2782,27.9236,27.4054,29.5796,28.676399999999999,30.657899999999999,27.484099999999999,29.1983,27.2882,30.019099999999999,28.004099999999999,33.6468,29.0276,30.3981,33.5101,28.043,28.3705,30.719199999999998,27.3173,27.0339,25.6709,26.9961,26.255499999999999,27.749599999999999,26.1294,26.327299999999999,26.538999999999999,27.4513,26.0785,27.9608,25.8783,25.9755,26.040399999999999,26.9732,25.5555,26.126199999999998,27.0597],"Min":24.6942,"Max":36.571999999999999,"Median":27.749599999999999,"Average":28.18576899999999,"StandardDeviation":2.2896821126390014,"PercentileValue":0.0,"Sum":2818.576899999999,"Zeroes":0,"SampleCount":100},{"Definition":{"Name":"AStar.Movement_data","SampleUnit":2,"AggregationType":3,"Threshold":0.15,"IncreaseIsBetter":false,"Percentile":0.0,"FailOnBaseline":true},"Samples":[2.2916,0.5302,0.5821999999999999,0.7431,0.6829,0.5471,0.6222,0.643,0.4995,0.6900999999999999,0.7184999999999999,0.5878,0.5892999999999999,0.5902999999999999,0.5699,0.5273,0.5507,0.6517,0.6800999999999999,0.6679999999999999,0.7565999999999999,0.5668,0.6433,0.8733,0.7741,0.6209,0.7178,0.5871999999999999,0.5580999999999999,0.845,0.5852999999999999,0.7331,0.5767,0.4899,0.7168,0.6363,0.7254999999999999,0.5629,0.7402,0.8554999999999999,0.7607999999999999,0.5437,1.0247,0.9805999999999999,0.7929999999999999,0.7367,1.0827,0.7404999999999999,0.7463,1.1621,1.0193999999999999,0.7918,0.6416,0.9463999999999999,0.8946999999999999,0.7502,0.729,0.645,0.8424999999999999,0.8141999999999999,0.6945,0.6379,0.8161999999999999,0.8963,0.6495,0.6927,0.7937,0.7513,0.7665,0.7373999999999999,0.9506,0.8411,0.9049999999999999,0.7592,0.8275,0.8114,0.8069,0.701,0.9254,0.7726999999999999,0.7426999999999999,0.6857,0.5997,0.5826,0.8281,0.6229,0.6851999999999999,0.6103999999999999,0.6154999999999999,0.5569,0.8787999999999999,0.7486999999999999,0.737,0.5574,0.5213,0.5918,0.5462,0.5839,0.6319,0.6638999999999999],"Min":0.4899,"Max":2.2916,"Median":0.7168,"Average":0.7290409999999998,"StandardDeviation":0.20701055484926365,"PercentileValue":0.0,"Sum":72.90409999999999,"Zeroes":0,"SampleCount":100},{"Definition":{"Name":"Time","SampleUnit":2,"AggregationType":3,"Threshold":0.15,"IncreaseIsBetter":false,"Percentile":0.0,"FailOnBaseline":true},"Samples":[1277.3296999999998,1346.9469,1350.9996,1319.9451,1390.0733,1411.196,1484.2631999999994,1543.8035999999993,1452.2920999999988,1395.17,1461.8173000000024,1405.1994000000013,1283.7582000000002,1297.3987000000016,1251.5119000000013],"Min":1251.5119000000013,"Max":1543.8035999999993,"Median":1390.0733,"Average":1378.113666666667,"StandardDeviation":81.72516625980546,"PercentileValue":0.0,"Sum":20671.705000000005,"Zeroes":0,"SampleCount":15}]}
##performancetestruninfo:{"PlayerSystemInfo":{"OperatingSystem":"Windows 10  (10.0.0) 64bit","DeviceModel":"80NV (LENOVO)","DeviceName":"KAMILVDONOLENOV","ProcessorType":"Intel(R) Core(TM) i7-6700HQ CPU @ 2.60GHz","ProcessorCount":8,"GraphicsDeviceName":"NVIDIA GeForce GTX 960M","SystemMemorySize":16243,"XrModel":"","XrDevice":""},"EditorVersion":{"FullVersion":"2019.3.0b5 (13eef430e0c9)","DateSeconds":1568974055,"Branch":"2019.3/staging","RevisionValue":1306356},"BuildSettings":{"Platform":"WindowsEditor","BuildTarget":"StandaloneWindows","DevelopmentPlayer":false,"AndroidBuildSystem":"Gradle"},"ScreenSettings":{"ScreenWidth":1920,"ScreenHeight":1080,"ScreenRefreshRate":59,"Fullscreen":false},"QualitySettings":{"Vsync":0,"AntiAliasing":2,"ColorSpace":"Linear","AnisotropicFiltering":"Enable","BlendWeights":"TwoBones"},"PlayerSettings":{"ScriptingBackend":"IL2CPP","VrSupported":false,"MtRendering":true,"GraphicsJobs":true,"GpuSkinning":true,"GraphicsApi":"Direct3D11","Batchmode":"False","StereoRenderingPath":"MultiPass","RenderThreadingMode":"GraphicsJobs","AndroidMinimumSdkVersion":"AndroidApiLevel19","AndroidTargetSdkVersion":"AndroidApiLevelAuto","EnabledXrTargets":[],"ScriptingRuntimeVersion":""},"TestSuite":"Editmode","StartTime":1575056489656.753,"EndTime":0.0,"Results":[]}]]></output>
          </test-case>
        </test-suite>
      </test-suite>
    </test-suite>
  </test-suite>
</test-run>